<?xml version="1.0" encoding="UTF-8"?>
<testsuite name="org.hyperledger.fabric.samples.assettransfer.AssetTransferTest$InvokeReadAssetTransaction" tests="2" skipped="0" failures="0" errors="0" timestamp="2022-10-06T21:00:39" hostname="shalitha-VirtualBox" time="0.021">
  <properties/>
  <testcase name="whenAssetExists()" classname="org.hyperledger.fabric.samples.assettransfer.AssetTransferTest$InvokeReadAssetTransaction" time="0.008"/>
  <testcase name="whenAssetDoesNotExist()" classname="org.hyperledger.fabric.samples.assettransfer.AssetTransferTest$InvokeReadAssetTransaction" time="0.01"/>
  <system-out><![CDATA[Asset asset1 does not exist
]]></system-out>
  <system-err><![CDATA[]]></system-err>
</testsuite>
