<?xml version="1.0" encoding="UTF-8"?>
<testsuite name="org.hyperledger.fabric.samples.assettransfer.AssetTest$Equality" tests="6" skipped="0" failures="0" errors="0" timestamp="2022-10-06T21:00:34" hostname="shalitha-VirtualBox" time="0.051">
  <properties/>
  <testcase name="handlesOtherObjects()" classname="org.hyperledger.fabric.samples.assettransfer.AssetTest$Equality" time="0.012"/>
  <testcase name="isReflexive()" classname="org.hyperledger.fabric.samples.assettransfer.AssetTest$Equality" time="0.008"/>
  <testcase name="isTransitive()" classname="org.hyperledger.fabric.samples.assettransfer.AssetTest$Equality" time="0.004"/>
  <testcase name="handlesInequality()" classname="org.hyperledger.fabric.samples.assettransfer.AssetTest$Equality" time="0.002"/>
  <testcase name="isSymmetric()" classname="org.hyperledger.fabric.samples.assettransfer.AssetTest$Equality" time="0.004"/>
  <testcase name="handlesNull()" classname="org.hyperledger.fabric.samples.assettransfer.AssetTest$Equality" time="0.003"/>
  <system-out><![CDATA[]]></system-out>
  <system-err><![CDATA[]]></system-err>
</testsuite>
